     ===================================================================
     =                                                                 =
     =          FASTLOAD UTILITY     VERSION 16.20.00.05               =
     =          PLATFORM WIN32                                         =
     =          PID      1832                                          =
     =                                                                 =
     ===================================================================

     ===================================================================
     =                                                                 =
     =          Copyright 1984-2020, Teradata Corporation.             =
     =          ALL RIGHTS RESERVED.                                   =
     =                                                                 =
     ===================================================================

**** 01:19:28 Processing starting at: Fri Jul 21 01:19:28 2023


0001 .sessions 2;

**** 01:19:28 FDL4866 SESSIONS command accepted

0002 ERRLIMIT 40;

**** 01:19:28 Error limit set to: 40

     ===================================================================
     =                                                                 =
     =          Logon/Connection                                       =
     =                                                                 =
     ===================================================================

0003 .LOGON 192.168.18.91/dbc,

**** 01:19:28 Teradata Database Release: 16.20.32.23
**** 01:19:28 Teradata Database Version: 16.20.32.23
**** 01:19:28 Number of AMPs available: 2
**** 01:19:28 Current CLI or RDBMS allows maximum row size: 64K
**** 01:19:28 Character set for this job: ASCII

0004 DATABASE DB_STG1;

**** 01:19:28 Command completed successfully

0005 .set record vartext "," QUOTE OPTIONAL '"';

**** 01:19:28 Now set to read 'Variable-Length Text' records
**** 01:19:28 Delimiter character(s) is set to ','
**** 01:19:28 Field values are optionally quoted with '"'
**** 01:19:28 Command completed successfully


0006 DROP TABLE HR;

**** 01:19:28 RDBMS error 3807: Object 'HR' does not exist.

0007 DROP TABLE HR_ERROR1;

**** 01:19:28 RDBMS error 3807: Object 'HR_ERROR1' does not exist.

0008 DROP TABLE HR_ERROR2;

**** 01:19:28 RDBMS error 3807: Object 'HR_ERROR2' does not exist.


0009 CREATE SET TABLE HR
          (
     
     	 BusinessEntityID1 VARCHAR(500),NationalIDNumber VARCHAR(500),LoginID VAR
     CHAR(500),OrganizationLevel VARCHAR(500),JobTitle VARCHAR(500),BirthDate V
     ARCHAR(500),MaritalStatus VARCHAR(500),Gender VARCHAR(500),HireDate VARCHA
     R(500),SalariedFlag VARCHAR(500),VacationHours VARCHAR(500),SickLeaveHours
      VARCHAR(500),rowguid VARCHAR(500),ModifiedDate1 VARCHAR(500),Name1 VARCHA
     R(500),GroupName VARCHAR(500),ModifiedDate2 VARCHAR(500),BusinessEntityID2
      VARCHAR(500),DepartmentID VARCHAR(500),ShiftID VARCHAR(500),StartDate VAR
     CHAR(500),EndDate VARCHAR(500),ModifiedDate3 VARCHAR(500),Name2 VARCHAR(50
     0),StartTime VARCHAR(500),EndTime VARCHAR(500),ModifiedDate4 VARCHAR(500),
     BusinessEntityID3 VARCHAR(500),JobCandidateID VARCHAR(500),ModifiedDate5 V
     ARCHAR(500),BusinessEntityID4 VARCHAR(500),RateChangeDate VARCHAR(500),Rat
     e VARCHAR(500),PayFrequency VARCHAR(500),ModifiedDate6 VARCHAR(500)
     
     	 );

**** 01:19:28 Command completed successfully


0010 RECORD 2;

**** 01:19:28 Starting record number set to  : 2


0011 DEFINE
     
     BusinessEntityID1 (VARCHAR(500)) NationalIDNumber (VARCHAR(500)) LoginID (
     VARCHAR(500)) OrganizationLevel (VARCHAR(500)) JobTitle (VARCHAR(500)) Bir
     thDate (VARCHAR(500)) MaritalStatus (VARCHAR(500)) Gender (VARCHAR(500)) H
     ireDate (VARCHAR(500)) SalariedFlag (VARCHAR(500)) VacationHours (VARCHAR(
     500)) SickLeaveHours (VARCHAR(500)) rowguid (VARCHAR(500)) ModifiedDate1 (
     VARCHAR(500)) Name1 (VARCHAR(500)) GroupName (VARCHAR(500)) ModifiedDate2 
     (VARCHAR(500)) BusinessEntityID2 (VARCHAR(500)) DepartmentID (VARCHAR(500)
     ) ShiftID (VARCHAR(500)) StartDate (VARCHAR(500)) EndDate (VARCHAR(500)) M
     odifiedDate3 (VARCHAR(500)) Name2 (VARCHAR(500)) StartTime (VARCHAR(500)) 
     EndTime (VARCHAR(500)) ModifiedDate4 (VARCHAR(500)) BusinessEntityID3 (VAR
     CHAR(500)) JobCandidateID (VARCHAR(500)) ModifiedDate5 (VARCHAR(500)) Busi
     nessEntityID4 (VARCHAR(500)) RateChangeDate (VARCHAR(500)) Rate (VARCHAR(5
     00)) PayFrequency (VARCHAR(500)) ModifiedDate6 (VARCHAR(500))
     
     
     FILE="F:\ADW 2017\ADW 2017\HR.csv";

**** 01:19:28 FDL4803 DEFINE statement processed


0012 begin loading
     HR
     errorfiles
     HR_ERROR1
     ,HR_ERROR2
     
     
     CHECKPOINT 1000;

**** 01:19:28 Number of FastLoad sessions requested = 2
**** 01:19:28 Number of FastLoad sessions connected = 2
**** 01:19:28 FDL4808 LOGON successful
**** 01:19:28 Number of AMPs available: 2
**** 01:19:28 BEGIN LOADING COMPLETE


     ===================================================================
     =                                                                 =
     =          Insert Phase                                           =
     =                                                                 =
     ===================================================================

0013 insert into HR
     (
     
     BusinessEntityID1,NationalIDNumber,LoginID,OrganizationLevel,JobTitle,Birt
     hDate,MaritalStatus,Gender,HireDate,SalariedFlag,VacationHours,SickLeaveHo
     urs,rowguid,ModifiedDate1,Name1,GroupName,ModifiedDate2,BusinessEntityID2,
     DepartmentID,ShiftID,StartDate,EndDate,ModifiedDate3,Name2,StartTime,EndTi
     me,ModifiedDate4,BusinessEntityID3,JobCandidateID,ModifiedDate5,BusinessEn
     tityID4,RateChangeDate,Rate,PayFrequency,ModifiedDate6
     
     )
     values
     
     (
     
     :BusinessEntityID1 ,:NationalIDNumber ,:LoginID ,:OrganizationLevel ,:JobT
     itle ,:BirthDate ,:MaritalStatus ,:Gender ,:HireDate ,:SalariedFlag ,:Vaca
     tionHours ,:SickLeaveHours ,:rowguid ,:ModifiedDate1 ,:Name1 ,:GroupName ,
     :ModifiedDate2 ,:BusinessEntityID2 ,:DepartmentID ,:ShiftID ,:StartDate ,:
     EndDate ,:ModifiedDate3 ,:Name2 ,:StartTime ,:EndTime ,:ModifiedDate4 ,:Bu
     sinessEntityID3 ,:JobCandidateID ,:ModifiedDate5 ,:BusinessEntityID4 ,:Rat
     eChangeDate ,:Rate ,:PayFrequency ,:ModifiedDate6
     
     );

**** 01:19:28 Number of recs/msg: 3
**** 01:19:28 Starting to send to RDBMS with record 2
**** 01:19:28 Sending row 346
**** 01:19:28 Finished sending rows to the RDBMS

**** 01:19:28 Acquisition Phase statistics:
              Elapsed time: 00:00:00 (in hh:mm:ss)
              CPU time:     0 Seconds
              MB/sec:       N/A
              MB/cpusec:    N/A


     ===================================================================
     =                                                                 =
     =          End Loading Phase                                      =
     =                                                                 =
     ===================================================================

0014 end loading;

**** 01:19:28 END LOADING COMPLETE

     Total Records Read              =  346
      - skipped by RECORD command    =  1
      - sent to the RDBMS            =  345
     Total Error Table 1             =  0  ---- Table has been dropped
     Total Error Table 2             =  0  ---- Table has been dropped
     Total Inserts Applied           =  345
     Total Duplicate Rows            =  0

     Start:   Fri Jul 21 01:19:28 2023
     End  :   Fri Jul 21 01:19:28 2023

**** 01:19:28 Application Phase statistics:
              Elapsed time: 00:00:00 (in hh:mm:ss)


0015 .LOGOFF;

     ===================================================================
     =                                                                 =
     =          Logoff/Disconnect                                      =
     =                                                                 =
     ===================================================================

**** 01:19:28 Logging off all sessions
**** 01:19:28 Total processor time used = '0.09375 Seconds'
     .        Start : Fri Jul 21 01:19:28 2023
     .        End   : Fri Jul 21 01:19:28 2023
     .        Highest return code encountered = '0'.
**** 01:19:28 FDL4818 FastLoad Terminated
