     ===================================================================
     =                                                                 =
     =          FASTLOAD UTILITY     VERSION 16.20.00.05               =
     =          PLATFORM WIN32                                         =
     =          PID      8380                                          =
     =                                                                 =
     ===================================================================

     ===================================================================
     =                                                                 =
     =          Copyright 1984-2020, Teradata Corporation.             =
     =          ALL RIGHTS RESERVED.                                   =
     =                                                                 =
     ===================================================================

**** 01:19:41 Processing starting at: Fri Jul 21 01:19:41 2023


0001 .sessions 2;

**** 01:19:41 FDL4866 SESSIONS command accepted

0002 ERRLIMIT 40;

**** 01:19:41 Error limit set to: 40

     ===================================================================
     =                                                                 =
     =          Logon/Connection                                       =
     =                                                                 =
     ===================================================================

0003 .LOGON 192.168.18.91/dbc,

**** 01:19:41 Teradata Database Release: 16.20.32.23
**** 01:19:41 Teradata Database Version: 16.20.32.23
**** 01:19:41 Number of AMPs available: 2
**** 01:19:41 Current CLI or RDBMS allows maximum row size: 64K
**** 01:19:41 Character set for this job: ASCII

0004 DATABASE DB_STG1;

**** 01:19:41 Command completed successfully

0005 .set record vartext "," QUOTE OPTIONAL '"';

**** 01:19:41 Now set to read 'Variable-Length Text' records
**** 01:19:41 Delimiter character(s) is set to ','
**** 01:19:41 Field values are optionally quoted with '"'
**** 01:19:41 Command completed successfully


0006 DROP TABLE Production_BillOfMaterials;

**** 01:19:41 RDBMS error 3807: Object 'Production_BillOfMaterials'
              does not exist.

0007 DROP TABLE Production_BillOfMaterials_ERROR1;

**** 01:19:41 RDBMS error 3807: Object
              'Production_BillOfMaterials_ERROR1' does not exist.

0008 DROP TABLE Production_BillOfMaterials_ERROR2;

**** 01:19:41 RDBMS error 3807: Object
              'Production_BillOfMaterials_ERROR2' does not exist.


0009 CREATE SET TABLE Production_BillOfMaterials
          (
     
     	 BillOfMaterialsID VARCHAR(500),ProductAssemblyID VARCHAR(500),ComponentI
     D VARCHAR(500),StartDate VARCHAR(500),EndDate VARCHAR(500),UnitMeasureCode
      VARCHAR(500),BOMLevel VARCHAR(500),PerAssemblyQty VARCHAR(500),ModifiedDa
     te VARCHAR(500)
     
     	 );

**** 01:19:41 Command completed successfully


0010 RECORD 2;

**** 01:19:41 Starting record number set to  : 2


0011 DEFINE
     
     BillOfMaterialsID (VARCHAR(500)) ProductAssemblyID (VARCHAR(500)) Componen
     tID (VARCHAR(500)) StartDate (VARCHAR(500)) EndDate (VARCHAR(500)) UnitMea
     sureCode (VARCHAR(500)) BOMLevel (VARCHAR(500)) PerAssemblyQty (VARCHAR(50
     0)) ModifiedDate (VARCHAR(500))
     
     
     
     FILE="F:\ADW 2017\ADW 2017\Production_BillOfMaterials.csv";

**** 01:19:41 FDL4803 DEFINE statement processed


0012 begin loading
     Production_BillOfMaterials
     errorfiles
     Production_BillOfMaterials_ERROR1
     ,Production_BillOfMaterials_ERROR2
     
     
     CHECKPOINT 1000;

**** 01:19:41 Number of FastLoad sessions requested = 2
**** 01:19:41 Number of FastLoad sessions connected = 2
**** 01:19:41 FDL4808 LOGON successful
**** 01:19:47 Number of AMPs available: 2
**** 01:19:47 BEGIN LOADING COMPLETE


     ===================================================================
     =                                                                 =
     =          Insert Phase                                           =
     =                                                                 =
     ===================================================================

0013 insert into Production_BillOfMaterials
     (
     
     BillOfMaterialsID,ProductAssemblyID,ComponentID,StartDate,EndDate,UnitMeas
     ureCode,BOMLevel,PerAssemblyQty,ModifiedDate
     
     )
     values
     
     (
     
     :BillOfMaterialsID ,:ProductAssemblyID ,:ComponentID ,:StartDate ,:EndDate
      ,:UnitMeasureCode ,:BOMLevel ,:PerAssemblyQty ,:ModifiedDate
     
     );

**** 01:19:47 Number of recs/msg: 14
**** 01:19:47 Starting to send to RDBMS with record 2
**** 01:19:47 Sending row 1001
**** 01:19:47 Sending row 2001
**** 01:19:47 Sending row 2680
**** 01:19:47 Finished sending rows to the RDBMS

**** 01:19:47 Acquisition Phase statistics:
              Elapsed time: 00:00:00 (in hh:mm:ss)
              CPU time:     0 Seconds
              MB/sec:       N/A
              MB/cpusec:    N/A


     ===================================================================
     =                                                                 =
     =          End Loading Phase                                      =
     =                                                                 =
     ===================================================================

0014 end loading;

**** 01:19:47 END LOADING COMPLETE

     Total Records Read              =  2680
      - skipped by RECORD command    =  1
      - sent to the RDBMS            =  2679
     Total Error Table 1             =  0  ---- Table has been dropped
     Total Error Table 2             =  0  ---- Table has been dropped
     Total Inserts Applied           =  2679
     Total Duplicate Rows            =  0

     Start:   Fri Jul 21 01:19:47 2023
     End  :   Fri Jul 21 01:19:47 2023

**** 01:19:47 Application Phase statistics:
              Elapsed time: 00:00:00 (in hh:mm:ss)


0015 .LOGOFF;

     ===================================================================
     =                                                                 =
     =          Logoff/Disconnect                                      =
     =                                                                 =
     ===================================================================

**** 01:19:47 Logging off all sessions
**** 01:19:47 Total processor time used = '0.171875 Seconds'
     .        Start : Fri Jul 21 01:19:41 2023
     .        End   : Fri Jul 21 01:19:47 2023
     .        Highest return code encountered = '0'.
**** 01:19:47 FDL4818 FastLoad Terminated
