BTEQ 16.20.00.07 (32-bit) Fri Jul 21 12:17:44 2023 PID: 2992
 
+---------+---------+---------+---------+---------+---------+---------+----
.LOGON 192.168.18.94 /dbc,

 *** Logon successfully completed.
 *** Teradata Database Release is 16.20.32.23                   
 *** Teradata Database Version is 16.20.32.23                     
 *** Transaction Semantics are BTET.
 *** Session Character Set Name is 'ASCII'.
 
 *** Total elapsed time was 1 second.
 
+---------+---------+---------+---------+---------+---------+---------+----
Drop Table DB_STG2.Person;
 *** Total elapsed time was 1 second.

+---------+---------+---------+---------+---------+---------+---------+----

Create Table DB_STG2.Person
(
 BusinessEntityID INTEGER
 ,PersonType VARCHAR(5)
 ,NameStyle BYTEINT
 ,PersonTitle VARCHAR(5)
 ,FirstName VARCHAR(15)
 ,MiddleName VARCHAR(5)
 ,LastName VARCHAR(15)
 ,Suffix VARCHAR(10)
 ,EmailPromotion BYTEINT
 ,AdditionalContactInfo VARCHAR(500)
 ,Demographics VARCHAR(400)
 ,Rowguid VARCHAR(40)
 ,ModifiedDate DATE FORMAT 'YYYY-MM-DD'
)
PRIMARY INDEX (BusinessEntityID);

 *** Table has been created. 
 *** Total elapsed time was 1 second.


+---------+---------+---------+---------+---------+---------+---------+----


.IF ERRORCODE <> 0 THEN .EXIT ERRORCODE;
+---------+---------+---------+---------+---------+---------+---------+----

SELECT * FROM DB_STG2.person
Sample 1;

 *** Query completed. No rows found. 
 *** Warning: 7473 Requested sample is larger than table rows. All rows returned
 *** Total elapsed time was 1 second.


+---------+---------+---------+---------+---------+---------+---------+----
.IF ACTIVITYCOUNT <> 0 THEN .GOTO InsertData;
+---------+---------+---------+---------+---------+---------+---------+----

.IF ERRORCODE <> 0 THEN .EXIT ERRORCODE;
+---------+---------+---------+---------+---------+---------+---------+----

.Label InsertData
+---------+---------+---------+---------+---------+---------+---------+----
Insert into DB_STG2.PERSON
Select * from DB_STG1.person;
 *** Total elapsed time was 1 second.

+---------+---------+---------+---------+---------+---------+---------+----

.IF ERRORCODE <> 0 THEN .EXIT ERRORCODE;
.EXIT ERRORCODE;
 *** You are now logged off from the DBC.
 *** Exiting BTEQ...
 *** RC (return code) = 3813 
